23 Apr 2024 14:11:12 GMT [INFO]  Init complete
23 Apr 2024 14:11:12 GMT [INFO]  0 -> took 180 ms
23 Apr 2024 14:11:12 GMT [INFO]  jar:file:/C:/Users/l.paepke/Downloads/GameLauncher/ClientGames/uno/client/UNO_CLIENT.jar!/textures/texture.png
23 Apr 2024 14:11:13 GMT [INFO]  Loading texture
23 Apr 2024 14:11:13 GMT [INFO]  Loaded texture
23 Apr 2024 14:11:13 GMT [INFO]  1 -> took 598 ms
23 Apr 2024 14:11:13 GMT [INFO]  Textures loaded
23 Apr 2024 14:11:13 GMT [INFO]  2 -> took 10 ms
23 Apr 2024 14:11:13 GMT [INFO]  3 -> took 5 ms
23 Apr 2024 14:11:13 GMT [INFO]  4 -> took 10 ms
23 Apr 2024 14:11:13 GMT [INFO]  5 -> took 95 ms
23 Apr 2024 14:11:13 GMT [INFO]  6 -> took 85 ms
23 Apr 2024 14:11:13 GMT [INFO]  7 -> took 15 ms
23 Apr 2024 14:11:13 GMT [INFO]  8 -> took 36 ms
23 Apr 2024 14:11:14 GMT [INFO]  9 -> took 377 ms
23 Apr 2024 14:11:14 GMT [INFO]  10 -> took 1 ms
23 Apr 2024 14:11:14 GMT [INFO]  11 -> took 86 ms
23 Apr 2024 14:11:14 GMT [INFO]  12 -> took 0 ms
23 Apr 2024 14:11:14 GMT [INFO]  Started sender
23 Apr 2024 14:11:14 GMT [INFO]  13 -> took 205 ms
